f:\.net program\netcounttimer\netcounttimer\debug\vc120.pdb
f:\.net program\netcounttimer\netcounttimer\debug\.netframework,version=v4.0.assemblyattributes.obj
f:\.net program\netcounttimer\netcounttimer\debug\timecalculate.obj
f:\.net program\netcounttimer\netcounttimer\debug\networksta.obj
f:\.net program\netcounttimer\netcounttimer\debug\netcounttimer.obj
f:\.net program\netcounttimer\netcounttimer\debug\fileop.obj
f:\.net program\netcounttimer\netcounttimer\debug\assemblyinfo.obj
f:\.net program\netcounttimer\netcounttimer\debug\checknew.obj
f:\.net program\netcounttimer\netcounttimer\debug\netcounttimer.pch
f:\.net program\netcounttimer\netcounttimer\debug\stdafx.obj
f:\.net program\netcounttimer\debug\netcounttimer.exe
f:\.net program\netcounttimer\debug\netcounttimer.pdb
f:\.net program\netcounttimer\netcounttimer\debug\netcounttimer.form1.resources
f:\.net program\netcounttimer\netcounttimer\debug\app.res
f:\.net program\netcounttimer\netcounttimer\debug\netcounttimer.vcxproj.generateresource.cache
f:\.net program\netcounttimer\netcounttimer\debug\netcounttimer.vcxprojresolveassemblyreference.cache
f:\.net program\netcounttimer\netcounttimer\debug\netcounttimer.tlog\cl.command.1.tlog
f:\.net program\netcounttimer\netcounttimer\debug\netcounttimer.tlog\cl.read.1.tlog
f:\.net program\netcounttimer\netcounttimer\debug\netcounttimer.tlog\cl.write.1.tlog
f:\.net program\netcounttimer\netcounttimer\debug\netcounttimer.tlog\link.command.1.tlog
f:\.net program\netcounttimer\netcounttimer\debug\netcounttimer.tlog\link.read.1.tlog
f:\.net program\netcounttimer\netcounttimer\debug\netcounttimer.tlog\link.write.1.tlog
f:\.net program\netcounttimer\netcounttimer\debug\netcounttimer.tlog\metagen.read.1.tlog
f:\.net program\netcounttimer\netcounttimer\debug\netcounttimer.tlog\metagen.write.1.tlog
f:\.net program\netcounttimer\netcounttimer\debug\netcounttimer.tlog\netcounttimer.write.1u.tlog
f:\.net program\netcounttimer\netcounttimer\debug\netcounttimer.tlog\rc.command.1.tlog
f:\.net program\netcounttimer\netcounttimer\debug\netcounttimer.tlog\rc.read.1.tlog
f:\.net program\netcounttimer\netcounttimer\debug\netcounttimer.tlog\rc.write.1.tlog
f:\.net program\netcounttimer\netcounttimer\debug\netcounttimer.tlog\rsaenh.dll.bi
f:\.net program\netcounttimer\netcounttimer\debug\netcounttimer.tlog\tzres.dll.bi
